0 info it worked if it ends with ok
1 verbose cli [ '/Users/jm/.nvm/versions/node/v6.11.1/bin/node',
1 verbose cli   '/Users/jm/.nvm/versions/node/v6.11.1/bin/npm',
1 verbose cli   'publish' ]
2 info using npm@3.10.10
3 info using node@v6.11.1
4 verbose publish [ '.' ]
5 silly cache add args [ '.', null ]
6 verbose cache add spec .
7 silly cache add parsed spec Result {
7 silly cache add   raw: '.',
7 silly cache add   scope: null,
7 silly cache add   escapedName: null,
7 silly cache add   name: null,
7 silly cache add   rawSpec: '.',
7 silly cache add   spec: '/Users/jm/Documents/code/meteor/project/pick-mongo-primary',
7 silly cache add   type: 'directory' }
8 verbose addLocalDirectory /Users/jm/.npm/pick-mongo-primary-one/0.5.4/package.tgz not in flight; packing
9 verbose correctMkdir /Users/jm/.npm correctMkdir not in flight; initializing
10 info lifecycle pick-mongo-primary-one@0.5.4~prepublish: pick-mongo-primary-one@0.5.4
11 silly lifecycle pick-mongo-primary-one@0.5.4~prepublish: no script for prepublish, continuing
12 verbose tar pack [ '/Users/jm/.npm/pick-mongo-primary-one/0.5.4/package.tgz',
12 verbose tar pack   '/Users/jm/Documents/code/meteor/project/pick-mongo-primary' ]
13 verbose tarball /Users/jm/.npm/pick-mongo-primary-one/0.5.4/package.tgz
14 verbose folder /Users/jm/Documents/code/meteor/project/pick-mongo-primary
15 verbose addLocalTarball adding from inside cache /Users/jm/.npm/pick-mongo-primary-one/0.5.4/package.tgz
16 verbose correctMkdir /Users/jm/.npm correctMkdir not in flight; initializing
17 silly cache afterAdd pick-mongo-primary-one@0.5.4
18 verbose afterAdd /Users/jm/.npm/pick-mongo-primary-one/0.5.4/package/package.json not in flight; writing
19 verbose correctMkdir /Users/jm/.npm correctMkdir not in flight; initializing
20 verbose afterAdd /Users/jm/.npm/pick-mongo-primary-one/0.5.4/package/package.json written
21 silly publish { name: 'pick-mongo-primary-one',
21 silly publish   version: '0.5.4',
21 silly publish   description: 'Get MongoDB Shell command to PRIMARY from the Mongo URL',
21 silly publish   dependencies: { mongodb: '^2.2.24', 'mongodb-uri': '0.9.x' },
21 silly publish   main: './lib/pickMongoPrimary.js',
21 silly publish   bin: { 'pick-mongo-primary-one': './bin/pick-mongo-primary' },
21 silly publish   author: { name: 'Arunoda Susiripala', email: 'fangjimjim@qq.com' },
21 silly publish   repository:
21 silly publish    { type: 'git',
21 silly publish      url: 'git+https://github.com/fangjj/pick-mongo-primary.git' },
21 silly publish   readme: 'pick-mongo-primary\n==================\n\n### Get MongoDB Shell command to PRIMARY from the Mongo URL\n\nSimply call following command\n\n```js\nnpm install -g pick-mongo-primary\nmongo $(pick-mongo-primary <MONGO_URL>)\n```',
21 silly publish   readmeFilename: 'README.md',
21 silly publish   gitHead: '5a976dca229e7011f51c1d2d6cb41153457a18cd',
21 silly publish   bugs: { url: 'https://github.com/fangjj/pick-mongo-primary/issues' },
21 silly publish   homepage: 'https://github.com/fangjj/pick-mongo-primary#readme',
21 silly publish   _id: 'pick-mongo-primary-one@0.5.4',
21 silly publish   scripts: {},
21 silly publish   _shasum: 'b717fb8740139d1531f55a9109b21946ab76cba3',
21 silly publish   _from: '.' }
22 verbose getPublishConfig undefined
23 silly mapToRegistry name pick-mongo-primary-one
24 silly mapToRegistry using default registry
25 silly mapToRegistry registry https://registry.npmjs.org/
26 silly mapToRegistry data Result {
26 silly mapToRegistry   raw: 'pick-mongo-primary-one',
26 silly mapToRegistry   scope: null,
26 silly mapToRegistry   escapedName: 'pick-mongo-primary-one',
26 silly mapToRegistry   name: 'pick-mongo-primary-one',
26 silly mapToRegistry   rawSpec: '',
26 silly mapToRegistry   spec: 'latest',
26 silly mapToRegistry   type: 'tag' }
27 silly mapToRegistry uri https://registry.npmjs.org/pick-mongo-primary-one
28 verbose publish registryBase https://registry.npmjs.org/
29 silly publish uploading /Users/jm/.npm/pick-mongo-primary-one/0.5.4/package.tgz
30 verbose request uri https://registry.npmjs.org/pick-mongo-primary-one
31 verbose request sending authorization for write operation
32 info attempt registry request try #1 at 17:58:29
33 verbose request using bearer token for auth
34 verbose request id 653bf322ded4ca2e
35 http request PUT https://registry.npmjs.org/pick-mongo-primary-one
36 http 403 https://registry.npmjs.org/pick-mongo-primary-one
37 verbose headers { date: 'Sat, 23 Jun 2018 09:58:31 GMT',
37 verbose headers   'content-type': 'application/json',
37 verbose headers   'transfer-encoding': 'chunked',
37 verbose headers   connection: 'keep-alive',
37 verbose headers   'set-cookie': [ '__cfduid=d7cf6ad6b502d27c737dfccc91f6fd7bb1529747910; expires=Sun, 23-Jun-19 09:58:30 GMT; path=/; domain=.registry.npmjs.org; HttpOnly' ],
37 verbose headers   'cf-ray': '42f618b62eb16d72-SJC',
37 verbose headers   'expect-ct': 'max-age=604800, report-uri="https://report-uri.cloudflare.com/cdn-cgi/beacon/expect-ct"',
37 verbose headers   server: 'cloudflare',
37 verbose headers   'content-encoding': 'gzip' }
38 verbose request invalidating /Users/jm/.npm/registry.npmjs.org/pick-mongo-primary-one on PUT
39 error publish Failed PUT 403
40 verbose stack Error: You cannot publish over the previously published versions: 0.5.4. : pick-mongo-primary-one
40 verbose stack     at makeError (/Users/jm/.nvm/versions/node/v6.11.1/lib/node_modules/npm/node_modules/npm-registry-client/lib/request.js:302:12)
40 verbose stack     at CachingRegistryClient.<anonymous> (/Users/jm/.nvm/versions/node/v6.11.1/lib/node_modules/npm/node_modules/npm-registry-client/lib/request.js:290:14)
40 verbose stack     at /Users/jm/.nvm/versions/node/v6.11.1/lib/node_modules/npm/node_modules/npm-registry-client/lib/request.js:216:7
40 verbose stack     at Gunzip.onEnd (zlib.js:227:5)
40 verbose stack     at emitNone (events.js:91:20)
40 verbose stack     at Gunzip.emit (events.js:185:7)
40 verbose stack     at endReadableNT (_stream_readable.js:974:12)
40 verbose stack     at _combinedTickCallback (internal/process/next_tick.js:80:11)
40 verbose stack     at process._tickCallback (internal/process/next_tick.js:104:9)
41 verbose statusCode 403
42 verbose pkgid pick-mongo-primary-one
43 verbose cwd /Users/jm/Documents/code/meteor/project/pick-mongo-primary
44 error Darwin 15.6.0
45 error argv "/Users/jm/.nvm/versions/node/v6.11.1/bin/node" "/Users/jm/.nvm/versions/node/v6.11.1/bin/npm" "publish"
46 error node v6.11.1
47 error npm  v3.10.10
48 error code E403
49 error You cannot publish over the previously published versions: 0.5.4. : pick-mongo-primary-one
50 error If you need help, you may report this error at:
50 error     <https://github.com/npm/npm/issues>
51 verbose exit [ 1, true ]
